<?xml version="1.0" encoding="UTF-8"?>
<coverage generated="1722675006757" clover="3.2.0">
  <project timestamp="1722675006757" name="All files">
    <metrics statements="31" coveredstatements="22" conditionals="20" coveredconditionals="17" methods="8" coveredmethods="5" elements="59" coveredelements="44" complexity="0" loc="31" ncloc="31" packages="2" files="4" classes="4"/>
    <package name="src">
      <metrics statements="1" coveredstatements="0" conditionals="0" coveredconditionals="0" methods="0" coveredmethods="0"/>
      <file name="index.ts" path="C:\Users\User\Documents\Github\e-fetch\src\index.ts">
        <metrics statements="1" coveredstatements="0" conditionals="0" coveredconditionals="0" methods="0" coveredmethods="0"/>
        <line num="1" count="0" type="stmt"/>
      </file>
    </package>
    <package name="src.fetchWrapper">
      <metrics statements="30" coveredstatements="22" conditionals="20" coveredconditionals="17" methods="8" coveredmethods="5"/>
      <file name="index.ts" path="C:\Users\User\Documents\Github\e-fetch\src\fetchWrapper\index.ts">
        <metrics statements="3" coveredstatements="0" conditionals="0" coveredconditionals="0" methods="0" coveredmethods="0"/>
        <line num="1" count="0" type="stmt"/>
        <line num="3" count="0" type="stmt"/>
        <line num="5" count="0" type="stmt"/>
      </file>
      <file name="request.ts" path="C:\Users\User\Documents\Github\e-fetch\src\fetchWrapper\request.ts">
        <metrics statements="14" coveredstatements="9" conditionals="1" coveredconditionals="1" methods="7" coveredmethods="4"/>
        <line num="1" count="1" type="stmt"/>
        <line num="4" count="1" type="stmt"/>
        <line num="5" count="1" type="stmt"/>
        <line num="8" count="0" type="stmt"/>
        <line num="11" count="1" type="cond" truecount="1" falsecount="0"/>
        <line num="12" count="1" type="stmt"/>
        <line num="19" count="1" type="stmt"/>
        <line num="20" count="1" type="stmt"/>
        <line num="24" count="2" type="stmt"/>
        <line num="31" count="2" type="stmt"/>
        <line num="35" count="0" type="stmt"/>
        <line num="42" count="0" type="stmt"/>
        <line num="46" count="0" type="stmt"/>
        <line num="49" count="0" type="stmt"/>
      </file>
      <file name="responseParser.ts" path="C:\Users\User\Documents\Github\e-fetch\src\fetchWrapper\responseParser.ts">
        <metrics statements="13" coveredstatements="13" conditionals="19" coveredconditionals="16" methods="1" coveredmethods="1"/>
        <line num="1" count="2" type="stmt"/>
        <line num="2" count="5" type="cond" truecount="1" falsecount="0"/>
        <line num="3" count="1" type="stmt"/>
        <line num="6" count="4" type="stmt"/>
        <line num="7" count="4" type="cond" truecount="5" falsecount="1"/>
        <line num="8" count="1" type="stmt"/>
        <line num="9" count="3" type="cond" truecount="5" falsecount="1"/>
        <line num="10" count="1" type="stmt"/>
        <line num="11" count="1" type="stmt"/>
        <line num="12" count="2" type="cond" truecount="5" falsecount="1"/>
        <line num="13" count="1" type="stmt"/>
        <line num="14" count="1" type="stmt"/>
        <line num="16" count="1" type="stmt"/>
      </file>
    </package>
  </project>
</coverage>
