{"C:\\Users\\User\\Documents\\Github\\e-fetch\\src\\index.ts": {"path":"C:\\Users\\User\\Documents\\Github\\e-fetch\\src\\index.ts","statementMap":{"0":{"start":{"line":1,"column":0},"end":{"line":1,"column":31}}},"fnMap":{},"branchMap":{},"s":{"0":0},"f":{},"b":{}}
,"C:\\Users\\User\\Documents\\Github\\e-fetch\\src\\fetchWrapper\\index.ts": {"path":"C:\\Users\\User\\Documents\\Github\\e-fetch\\src\\fetchWrapper\\index.ts","statementMap":{"0":{"start":{"line":1,"column":0},"end":{"line":1,"column":41}},"1":{"start":{"line":3,"column":21},"end":{"line":3,"column":39}},"2":{"start":{"line":5,"column":9},"end":{"line":5,"column":21}}},"fnMap":{},"branchMap":{},"s":{"0":0,"1":0,"2":0},"f":{},"b":{}}
,"C:\\Users\\User\\Documents\\Github\\e-fetch\\src\\fetchWrapper\\request.ts": {"path":"C:\\Users\\User\\Documents\\Github\\e-fetch\\src\\fetchWrapper\\request.ts","statementMap":{"0":{"start":{"line":1,"column":0},"end":{"line":1,"column":49}},"1":{"start":{"line":5,"column":10},"end":{"line":5,"column":43}},"2":{"start":{"line":8,"column":4},"end":{"line":8,"column":34}},"3":{"start":{"line":11,"column":15},"end":{"line":21,"column":null}},"4":{"start":{"line":12,"column":16},"end":{"line":16,"column":null}},"5":{"start":{"line":19,"column":21},"end":{"line":19,"column":37}},"6":{"start":{"line":20,"column":4},"end":{"line":20,"column":38}},"7":{"start":{"line":24,"column":21},"end":{"line":30,"column":6}},"8":{"start":{"line":31,"column":4},"end":{"line":31,"column":38}},"9":{"start":{"line":35,"column":21},"end":{"line":41,"column":6}},"10":{"start":{"line":42,"column":4},"end":{"line":42,"column":38}},"11":{"start":{"line":46,"column":21},"end":{"line":48,"column":6}},"12":{"start":{"line":49,"column":4},"end":{"line":49,"column":38}},"13":{"start":{"line":4,"column":0},"end":{"line":4,"column":13}}},"fnMap":{"0":{"name":"(anonymous_7)","decl":{"start":{"line":4,"column":0},"end":{"line":4,"column":13}},"loc":{"start":{"line":4,"column":0},"end":{"line":51,"column":1}}},"1":{"name":"(anonymous_8)","decl":{"start":{"line":7,"column":2},"end":{"line":7,"column":19}},"loc":{"start":{"line":7,"column":40},"end":{"line":9,"column":3}}},"2":{"name":"(anonymous_9)","decl":{"start":{"line":11,"column":8},"end":{"line":11,"column":11}},"loc":{"start":{"line":11,"column":11},"end":{"line":21,"column":null}}},"3":{"name":"(anonymous_10)","decl":{"start":{"line":11,"column":15},"end":{"line":11,"column":26}},"loc":{"start":{"line":11,"column":56},"end":{"line":21,"column":3}}},"4":{"name":"(anonymous_11)","decl":{"start":{"line":23,"column":8},"end":{"line":23,"column":12}},"loc":{"start":{"line":23,"column":38},"end":{"line":32,"column":null}}},"5":{"name":"(anonymous_13)","decl":{"start":{"line":34,"column":8},"end":{"line":34,"column":11}},"loc":{"start":{"line":34,"column":37},"end":{"line":43,"column":null}}},"6":{"name":"(anonymous_15)","decl":{"start":{"line":45,"column":8},"end":{"line":45,"column":14}},"loc":{"start":{"line":45,"column":29},"end":{"line":50,"column":null}}}},"branchMap":{"0":{"loc":{"start":{"line":11,"column":28},"end":{"line":11,"column":56}},"type":"default-arg","locations":[{"start":{"line":11,"column":54},"end":{"line":11,"column":56}}]}},"s":{"0":1,"1":1,"2":0,"3":1,"4":1,"5":1,"6":1,"7":2,"8":2,"9":0,"10":0,"11":0,"12":0,"13":1},"f":{"0":1,"1":0,"2":1,"3":1,"4":2,"5":0,"6":0},"b":{"0":[1]}}
,"C:\\Users\\User\\Documents\\Github\\e-fetch\\src\\fetchWrapper\\responseParser.ts": {"path":"C:\\Users\\User\\Documents\\Github\\e-fetch\\src\\fetchWrapper\\responseParser.ts","statementMap":{"0":{"start":{"line":1,"column":0},"end":{"line":1,"column":22}},"1":{"start":{"line":2,"column":2},"end":{"line":4,"column":3}},"2":{"start":{"line":3,"column":4},"end":{"line":3,"column":62}},"3":{"start":{"line":6,"column":22},"end":{"line":6,"column":58}},"4":{"start":{"line":7,"column":2},"end":{"line":17,"column":3}},"5":{"start":{"line":8,"column":4},"end":{"line":8,"column":41}},"6":{"start":{"line":9,"column":9},"end":{"line":17,"column":3}},"7":{"start":{"line":10,"column":17},"end":{"line":10,"column":38}},"8":{"start":{"line":11,"column":4},"end":{"line":11,"column":32}},"9":{"start":{"line":12,"column":9},"end":{"line":17,"column":3}},"10":{"start":{"line":13,"column":17},"end":{"line":13,"column":38}},"11":{"start":{"line":14,"column":4},"end":{"line":14,"column":32}},"12":{"start":{"line":16,"column":4},"end":{"line":16,"column":64}}},"fnMap":{"0":{"name":"parseResponse","decl":{"start":{"line":1,"column":22},"end":{"line":1,"column":35}},"loc":{"start":{"line":1,"column":57},"end":{"line":18,"column":null}}}},"branchMap":{"0":{"loc":{"start":{"line":2,"column":2},"end":{"line":4,"column":3}},"type":"if","locations":[{"start":{"line":2,"column":2},"end":{"line":4,"column":3}}]},"1":{"loc":{"start":{"line":7,"column":2},"end":{"line":17,"column":3}},"type":"if","locations":[{"start":{"line":7,"column":2},"end":{"line":17,"column":3}},{"start":{"line":9,"column":9},"end":{"line":17,"column":3}}]},"2":{"loc":{"start":{"line":7,"column":6},"end":{"line":7,"column":47}},"type":"cond-expr","locations":[{"start":{"line":7,"column":17},"end":{"line":7,"column":19}},{"start":{"line":7,"column":6},"end":{"line":7,"column":47}}]},"3":{"loc":{"start":{"line":7,"column":6},"end":{"line":7,"column":19}},"type":"binary-expr","locations":[{"start":{"line":7,"column":6},"end":{"line":7,"column":19}},{"start":{"line":7,"column":6},"end":{"line":7,"column":19}}]},"4":{"loc":{"start":{"line":9,"column":9},"end":{"line":17,"column":3}},"type":"if","locations":[{"start":{"line":9,"column":9},"end":{"line":17,"column":3}},{"start":{"line":12,"column":9},"end":{"line":17,"column":3}}]},"5":{"loc":{"start":{"line":9,"column":13},"end":{"line":9,"column":47}},"type":"cond-expr","locations":[{"start":{"line":9,"column":24},"end":{"line":9,"column":26}},{"start":{"line":9,"column":13},"end":{"line":9,"column":47}}]},"6":{"loc":{"start":{"line":9,"column":13},"end":{"line":9,"column":26}},"type":"binary-expr","locations":[{"start":{"line":9,"column":13},"end":{"line":9,"column":26}},{"start":{"line":9,"column":13},"end":{"line":9,"column":26}}]},"7":{"loc":{"start":{"line":12,"column":9},"end":{"line":17,"column":3}},"type":"if","locations":[{"start":{"line":12,"column":9},"end":{"line":17,"column":3}},{"start":{"line":15,"column":9},"end":{"line":17,"column":3}}]},"8":{"loc":{"start":{"line":12,"column":13},"end":{"line":12,"column":48}},"type":"cond-expr","locations":[{"start":{"line":12,"column":24},"end":{"line":12,"column":26}},{"start":{"line":12,"column":13},"end":{"line":12,"column":48}}]},"9":{"loc":{"start":{"line":12,"column":13},"end":{"line":12,"column":26}},"type":"binary-expr","locations":[{"start":{"line":12,"column":13},"end":{"line":12,"column":26}},{"start":{"line":12,"column":13},"end":{"line":12,"column":26}}]}},"s":{"0":2,"1":5,"2":1,"3":4,"4":4,"5":1,"6":3,"7":1,"8":1,"9":2,"10":1,"11":1,"12":1},"f":{"0":5},"b":{"0":[1],"1":[1,3],"2":[0,4],"3":[4,4],"4":[1,2],"5":[0,3],"6":[3,3],"7":[1,1],"8":[0,2],"9":[2,2]}}
}
