TN:
SF:src\index.ts
FNF:0
FNH:0
DA:1,0
LF:1
LH:0
BRF:0
BRH:0
end_of_record
TN:
SF:src\fetchWrapper\index.ts
FNF:0
FNH:0
DA:1,0
DA:3,0
DA:5,0
LF:3
LH:0
BRF:0
BRH:0
end_of_record
TN:
SF:src\fetchWrapper\request.ts
FN:4,(anonymous_7)
FN:7,(anonymous_8)
FN:11,(anonymous_9)
FN:11,(anonymous_10)
FN:23,(anonymous_11)
FN:34,(anonymous_13)
FN:45,(anonymous_15)
FNF:7
FNH:4
FNDA:1,(anonymous_7)
FNDA:0,(anonymous_8)
FNDA:1,(anonymous_9)
FNDA:1,(anonymous_10)
FNDA:2,(anonymous_11)
FNDA:0,(anonymous_13)
FNDA:0,(anonymous_15)
DA:1,1
DA:4,1
DA:5,1
DA:8,0
DA:11,1
DA:12,1
DA:19,1
DA:20,1
DA:24,2
DA:31,2
DA:35,0
DA:42,0
DA:46,0
DA:49,0
LF:14
LH:9
BRDA:11,0,0,1
BRF:1
BRH:1
end_of_record
TN:
SF:src\fetchWrapper\responseParser.ts
FN:1,parseResponse
FNF:1
FNH:1
FNDA:5,parseResponse
DA:1,2
DA:2,5
DA:3,1
DA:6,4
DA:7,4
DA:8,1
DA:9,3
DA:10,1
DA:11,1
DA:12,2
DA:13,1
DA:14,1
DA:16,1
LF:13
LH:13
BRDA:2,0,0,1
BRDA:7,1,0,1
BRDA:7,1,1,3
BRDA:7,2,0,0
BRDA:7,2,1,4
BRDA:7,3,0,4
BRDA:7,3,1,4
BRDA:9,4,0,1
BRDA:9,4,1,2
BRDA:9,5,0,0
BRDA:9,5,1,3
BRDA:9,6,0,3
BRDA:9,6,1,3
BRDA:12,7,0,1
BRDA:12,7,1,1
BRDA:12,8,0,0
BRDA:12,8,1,2
BRDA:12,9,0,2
BRDA:12,9,1,2
BRF:19
BRH:16
end_of_record
